<!DOCTYPE html>
<html>
<head>
  
<meta http-equiv="Content-Type" content="text/html; charset=UTF-8" />

<script type="text/javascript" src="js/jquery.min.js"></script>
<script type="text/javascript" src="js/jquery.tablesorter.min.js"></script>
<script type="text/javascript" src="js/Chart.min.js"></script>
<script type="text/javascript" src="js/moment.min.js"></script>
<script type="text/javascript" src="js/bootstrap.min.js"></script>

<link rel="stylesheet" href="css/bootstrap.min.css" type="text/css"/>
<link rel="stylesheet" href="css/cucumber.css" type="text/css"/>
<link rel="stylesheet" href="css/font-awesome.min.css"/>
<link rel="shortcut icon" href="images/favicon.png"/>

<script type="text/javascript">
$(document).ready(function() {
    // this will tell tablesorter to try looking for the data-value attribute
    // if present, it'll sort by that instead
    // otherwise, it'll sort by the text content of the table cell
    $("#tablesorter").tablesorter({
        textAttribute: 'data-value',
        // ignores the first row of the header, the 'scenario', 'steps', since
        // sorting those doesn't make sense
        selectorHeaders: '> thead tr:not(.dont-sort) th',
        // use a stable sort
        sortStable: true
    });
});
</script>










  
<title>Cucumber Reports (no 1) - Feature: Home Bank Navigation(Non-Login)</title>

</head>
<body>

<nav class="navbar navbar-default navbar-fixed-top" id="navigation">
  <div class="container-fluid">
    <div class="collapse navbar-collapse">
      <p class="navbar-text navbar-left">Cucumber Report</p>
      <ul class="nav navbar-nav navbar-right">
                <li role="presentation" ><a href="overview-features.html">Features</a></li>
        <li role="presentation" ><a href="overview-tags.html">Tags</a></li>
        <li role="presentation" ><a href="overview-steps.html">Steps</a></li>
                <li role="presentation" ><a href="overview-failures.html">Failures</a></li>
      </ul>
    </div>
  </div>
</nav>


<div class="container-fluid">
  <div class="col-md-5 col-md-offset-1">
    
<table class="table table-bordered" id="build-info">
  <thead>
    <tr>
      <th>Project</th>
              <th>Number</th>
            <th>Date</th>
    </tr>
  </thead>
  <tbody>
    <tr class="info">
      <td>Cuke-NG-Maven</td>
              <td>1</td>
            <td>03 okt 2017, 14:03</td>
    </tr>
  </tbody>
</table>

  </div>
  <div class="col-md-3 col-md-offset-2">
      </div>
</div>


<div id="report-lead" class="container-fluid">
  <div class="col-md-10 col-md-offset-1">
    <h2>Feature Report</h2>
      </div>
</div>


<div class="container-fluid" id="report">
  <div class="row">
    <div class="col-md-10 col-md-offset-1">
      <table class="stats-table">

        
<thead>
  <tr class="header dont-sort">
          <th></th>
        <th></th>
    <th colspan="6">Steps</th>
    <th colspan="3">Scenarios</th>
    <th colspan="2">Features</th>
  </tr>
  <tr>
    <th>Feature</th>
          <th>Device</th>
        <th class="passed">Passed</th>
    <th class="failed">Failed</th>
    <th class="skipped">Skipped</th>
    <th class="pending">Pending</th>
    <th class="undefined">Undefined</th>
    <th class="total">Total</th>

    <th class="passed">Passed</th>
    <th class="failed">Failed</th>
    <th class="total">Total</th>

    <th>Duration</th>
    <th>Status</th>
  </tr>
</thead>


        <tbody>
        <tr>
          <td class="tagname">Home Bank Navigation(Non-Login)</td>
                      <td>HomeBank</td>
                    <td      class="passed"    >2</td>
          <td      class="failed"    >1</td>
          <td     class="skipped"   >8</td>
          <td >0</td>
          <td >0</td>
          <td class="total">11</td>

          <td >0</td>
          <td  class="failed"    >1</td>
          <td class="total">1</td>

          <td class="duration" data-value="8229027598">8s 229ms</td>
          <td class="failed">Failed</td>
        </tr>
        </tbody>

      </table>
    </div>
  </div>
</div>



<div class="container-fluid">
  <div class="row">
    <div class="col-md-10 col-md-offset-10">
      <i class="fa fa-chevron-circle-down fa-2x collapsable-control"
        onClick="javascript:$('#report .collapsable-details').collapse('show')"></i>
      <i class="fa fa-chevron-circle-up fa-2x collapsable-control"
        onClick="javascript:$('#report .collapsable-details').collapse('hide')"></i>
    </div>
  </div>
</div>


<div class="container-fluid" id="report">
  <div class="row">
    <div class="col-md-10 col-md-offset-1">
      <div class="feature">
        
<div class="tags indention">
      <b>Tags:</b>
           <a href="report-tag_homebank.html">@homebank</a>
      </div>

        
<div class="brief failed">
  <span class="keyword indention">Feature</span>
  <span class="name">Home Bank Navigation(Non-Login)</span>
  

  </div>

        <div class="description indention"></div>

        <div class="elements inner-level">
                      
<div class="element">
  
  
<div class="tags indention">
      <b>Tags:</b>
           <a href="report-tag_homebank.html">@homebank</a>
      </div>


    <span data-toggle="collapse" class=" collapsable-control" data-target="#element-1">
    
<div class="brief failed">
  <span class="keyword indention">Scenario Outline</span>
  <span class="name">Navigate multiple tab in Home Bank without login</span>
  

       <i class="chevron fa fa-fw"></i>
  </div>

  </span>
  <div class="description indention"></div>

  <div id="element-1" class="collapse collapsable-details  in ">
    
  <div class="inner-level hooks-before">
        <div data-toggle="collapse" class=" collapsed  collapsable-control" data-target="#before-2">
      
<div class="brief passed">
  <span class="keyword indention">Hooks</span>
  <span class="name"></span>
  

       <i class="chevron fa fa-fw"></i>
  </div>

    </div>

    <div id="before-2" class="inner-level collapse collapsable-details ">
              <div class="hook">
          <div class="brief passed">
            <span class="keyword indention">Before</span>
                          <span class="location name">StepDefs.beforescenario(Scenario)</span>
                        
  <span class="lead-duration duration">000ms</span>

          </div>

                      

          
          
  
        </div>
          </div>
  </div>


    
<div class="steps inner-level">
    <div data-toggle="collapse" class=" collapsable-control" data-target="#steps-3">
    
<div class="brief failed">
  <span class="keyword indention">Steps</span>
  <span class="name"></span>
  

       <i class="chevron fa fa-fw"></i>
  </div>

  </div>

  <div id="steps-3" class="inner-level collapse collapsable-details  in ">
          <div class="step">
        
<div class="brief passed">
  <span class="keyword indention">Given</span>
  <span class="name">&quot;chrome&quot; session is new and navigated to &quot;https://ebanking.test.ing.be/en/retail&quot;</span>
  
  <span class="lead-duration duration">7s 988ms</span>

  </div>

        


        
        

        

        
  
      </div>
          <div class="step">
        
<div class="brief passed">
  <span class="keyword indention">Then</span>
  <span class="name">browser title contains &quot;ING online banking service&quot;</span>
  
  <span class="lead-duration duration">018ms</span>

  </div>

        


        
        

        

        
  
      </div>
          <div class="step">
        
<div class="brief failed">
  <span class="keyword indention">When</span>
  <span class="name">User search for &quot;Savings&quot;</span>
  
  <span class="lead-duration duration">222ms</span>

  </div>

        

  <div class="inner-level">
    <div class="message indention">
      <div data-toggle="collapse" class="collapsable-control" data-target="#msg-4">
          <a>Error message</a>
      </div>
      <div id="msg-4" class="collapse collapsable-details">
        <pre>org.openqa.selenium.InvalidElementStateException: invalid element state: Element is not currently interactable and may not be manipulated
  (Session info: chrome=57.0.2987.98)
  (Driver info: chromedriver=2.28.455520 (cc17746adff54984afff480136733114c6b3704b),platform=Windows NT 6.3.9600 x86_64) (WARNING: The server did not provide any stacktrace information)
Command duration or timeout: 31 milliseconds
Build info: version: '3.1.0', revision: '86a5d70', time: '2017-02-16 07:57:44 -0800'
System info: host: 'SX9000011174', ip: '10.44.38.76', os.name: 'Windows Server 2012 R2', os.arch: 'amd64', os.version: '6.3', java.version: '1.8.0_40'
Driver info: org.openqa.selenium.chrome.ChromeDriver
Capabilities [{applicationCacheEnabled=false, rotatable=false, mobileEmulationEnabled=false, networkConnectionEnabled=false, chrome={chromedriverVersion=2.28.455520 (cc17746adff54984afff480136733114c6b3704b), userDataDir=C:\Users\NPX9SX~1\AppData\Local\Temp\2\scoped_dir6212_6683}, takesHeapSnapshot=true, pageLoadStrategy=normal, databaseEnabled=false, handlesAlerts=true, hasTouchScreen=false, version=57.0.2987.98, platform=WIN8_1, browserConnectionEnabled=false, nativeEvents=true, acceptSslCerts=true, locationContextEnabled=true, webStorageEnabled=true, browserName=chrome, takesScreenshot=true, javascriptEnabled=true, cssSelectorsEnabled=true, unexpectedAlertBehaviour=}]
Session ID: 25ce56777f91ba1b2396e2e01b5fc488
Command duration or timeout: 153 milliseconds
	at sun.reflect.NativeConstructorAccessorImpl.newInstance0(Native Method)
	at sun.reflect.NativeConstructorAccessorImpl.newInstance(NativeConstructorAccessorImpl.java:62)
	at sun.reflect.DelegatingConstructorAccessorImpl.newInstance(DelegatingConstructorAccessorImpl.java:45)
	at java.lang.reflect.Constructor.newInstance(Constructor.java:422)
	at org.openqa.selenium.remote.ErrorHandler.createThrowable(ErrorHandler.java:216)
	at org.openqa.selenium.remote.ErrorHandler.throwIfResponseFailed(ErrorHandler.java:168)
	at org.openqa.selenium.remote.RemoteWebDriver.execute(RemoteWebDriver.java:635)
	at org.openqa.selenium.remote.RemoteWebElement.execute(RemoteWebElement.java:274)
	at org.openqa.selenium.remote.RemoteWebElement.clear(RemoteWebElement.java:116)
	at cukeTests.StepDefs.user_search_for(StepDefs.java:121)
	at &#10045;.When User search for &quot;Savings&quot;(HBNavigation.feature:8)
Caused by: org.openqa.selenium.remote.ScreenshotException: Screen shot has been taken
	at org.openqa.selenium.remote.ErrorHandler.throwIfResponseFailed(ErrorHandler.java:142)
	at org.openqa.selenium.remote.RemoteWebDriver.execute(RemoteWebDriver.java:635)
	at org.openqa.selenium.remote.RemoteWebElement.execute(RemoteWebElement.java:274)
	at org.openqa.selenium.remote.RemoteWebElement.clear(RemoteWebElement.java:116)
	at cukeTests.StepDefs.user_search_for(StepDefs.java:121)
	at sun.reflect.NativeMethodAccessorImpl.invoke0(Native Method)
	at sun.reflect.NativeMethodAccessorImpl.invoke(NativeMethodAccessorImpl.java:62)
	at sun.reflect.DelegatingMethodAccessorImpl.invoke(DelegatingMethodAccessorImpl.java:43)
	at java.lang.reflect.Method.invoke(Method.java:497)
	at cucumber.runtime.Utils$1.call(Utils.java:37)
	at cucumber.runtime.Timeout.timeout(Timeout.java:13)
	at cucumber.runtime.Utils.invoke(Utils.java:31)
	at cucumber.runtime.java.JavaStepDefinition.execute(JavaStepDefinition.java:38)
	at cucumber.runtime.StepDefinitionMatch.runStep(StepDefinitionMatch.java:37)
	at cucumber.runtime.Runtime.runStep(Runtime.java:299)
	at cucumber.runtime.model.StepContainer.runStep(StepContainer.java:44)
	at cucumber.runtime.model.StepContainer.runSteps(StepContainer.java:39)
	at cucumber.runtime.model.CucumberScenario.run(CucumberScenario.java:44)
	at cucumber.runtime.model.CucumberScenarioOutline.run(CucumberScenarioOutline.java:46)
	at cucumber.runtime.model.CucumberFeature.run(CucumberFeature.java:165)
	at cucumber.api.testng.TestNGCucumberRunner.runCucumber(TestNGCucumberRunner.java:63)
	at cukeTests.RunCukesByFeatureHB.feature(RunCukesByFeatureHB.java:25)
	at sun.reflect.NativeMethodAccessorImpl.invoke0(Native Method)
	at sun.reflect.NativeMethodAccessorImpl.invoke(NativeMethodAccessorImpl.java:62)
	at sun.reflect.DelegatingMethodAccessorImpl.invoke(DelegatingMethodAccessorImpl.java:43)
	at java.lang.reflect.Method.invoke(Method.java:497)
	at org.testng.internal.MethodInvocationHelper.invokeMethod(MethodInvocationHelper.java:86)
	at org.testng.internal.Invoker.invokeMethod(Invoker.java:643)
	at org.testng.internal.Invoker.invokeTestMethod(Invoker.java:820)
	at org.testng.internal.Invoker.invokeTestMethods(Invoker.java:1128)
	at org.testng.internal.TestMethodWorker.invokeTestMethods(TestMethodWorker.java:129)
	at org.testng.internal.TestMethodWorker.run(TestMethodWorker.java:112)
	at java.util.concurrent.ThreadPoolExecutor.runWorker(ThreadPoolExecutor.java:1142)
	at java.util.concurrent.ThreadPoolExecutor$Worker.run(ThreadPoolExecutor.java:617)
	at java.lang.Thread.run(Thread.java:745)
Caused by: org.openqa.selenium.InvalidElementStateException: invalid element state: Element is not currently interactable and may not be manipulated
  (Session info: chrome=57.0.2987.98)
  (Driver info: chromedriver=2.28.455520 (cc17746adff54984afff480136733114c6b3704b),platform=Windows NT 6.3.9600 x86_64) (WARNING: The server did not provide any stacktrace information)
Command duration or timeout: 31 milliseconds
Build info: version: '3.1.0', revision: '86a5d70', time: '2017-02-16 07:57:44 -0800'
System info: host: 'SX9000011174', ip: '10.44.38.76', os.name: 'Windows Server 2012 R2', os.arch: 'amd64', os.version: '6.3', java.version: '1.8.0_40'
Driver info: org.openqa.selenium.chrome.ChromeDriver
Capabilities [{applicationCacheEnabled=false, rotatable=false, mobileEmulationEnabled=false, networkConnectionEnabled=false, chrome={chromedriverVersion=2.28.455520 (cc17746adff54984afff480136733114c6b3704b), userDataDir=C:\Users\NPX9SX~1\AppData\Local\Temp\2\scoped_dir6212_6683}, takesHeapSnapshot=true, pageLoadStrategy=normal, databaseEnabled=false, handlesAlerts=true, hasTouchScreen=false, version=57.0.2987.98, platform=WIN8_1, browserConnectionEnabled=false, nativeEvents=true, acceptSslCerts=true, locationContextEnabled=true, webStorageEnabled=true, browserName=chrome, takesScreenshot=true, javascriptEnabled=true, cssSelectorsEnabled=true, unexpectedAlertBehaviour=}]
Session ID: 25ce56777f91ba1b2396e2e01b5fc488
Build info: version: '3.1.0', revision: 'b94c902', time: '2017-02-16 12:21:31 -0800'
System info: host: 'WDU8L0000649', ip: '192.168.56.1', os.name: 'Windows 7', os.arch: 'amd64', os.version: '6.1', java.version: '1.8.0_40'
Driver info: driver.version: RemoteWebDriver
	at sun.reflect.NativeConstructorAccessorImpl.newInstance0(Native Method)
	at sun.reflect.NativeConstructorAccessorImpl.newInstance(Unknown Source)
	at sun.reflect.DelegatingConstructorAccessorImpl.newInstance(Unknown Source)
	at java.lang.reflect.Constructor.newInstance(Unknown Source)
	at org.openqa.selenium.remote.ErrorHandler.createThrowable(ErrorHandler.java:216)
	at org.openqa.selenium.remote.ErrorHandler.throwIfResponseFailed(ErrorHandler.java:168)
	at org.openqa.selenium.remote.RemoteWebDriver.execute(RemoteWebDriver.java:635)
	at org.openqa.selenium.remote.RemoteWebElement.execute(RemoteWebElement.java:274)
	at org.openqa.selenium.remote.RemoteWebElement.clear(RemoteWebElement.java:116)
	at sun.reflect.GeneratedMethodAccessor42.invoke(Unknown Source)
	at sun.reflect.DelegatingMethodAccessorImpl.invoke(Unknown Source)
	at java.lang.reflect.Method.invoke(Unknown Source)
	at org.openqa.selenium.support.events.EventFiringWebDriver$EventFiringWebElement$1.invoke(EventFiringWebDriver.java:332)
	at com.sun.proxy.$Proxy7.clear(Unknown Source)
	at org.openqa.selenium.support.events.EventFiringWebDriver$EventFiringWebElement.clear(EventFiringWebDriver.java:361)
	at sun.reflect.GeneratedMethodAccessor42.invoke(Unknown Source)
	at sun.reflect.DelegatingMethodAccessorImpl.invoke(Unknown Source)
	at java.lang.reflect.Method.invoke(Unknown Source)
	at org.openqa.selenium.remote.server.KnownElements$1.invoke(KnownElements.java:64)
	at com.sun.proxy.$Proxy8.clear(Unknown Source)
	at org.openqa.selenium.remote.server.handler.ClearElement.call(ClearElement.java:30)
	at org.openqa.selenium.remote.server.handler.ClearElement.call(ClearElement.java:22)
	at java.util.concurrent.FutureTask.run(Unknown Source)
	at org.openqa.selenium.remote.server.DefaultSession$1.run(DefaultSession.java:176)
	at java.util.concurrent.ThreadPoolExecutor.runWorker(Unknown Source)
	at java.util.concurrent.ThreadPoolExecutor$Worker.run(Unknown Source)
	at java.lang.Thread.run(Unknown Source)
</pre>
      </div>
    </div>
  </div>


        
        

        

        
  
      </div>
          <div class="step">
        
<div class="brief skipped">
  <span class="keyword indention">Then</span>
  <span class="name">Current url should contain &quot;Savings&quot;</span>
  
  <span class="lead-duration duration">000ms</span>

  </div>

        


        
        

        

        
  
      </div>
          <div class="step">
        
<div class="brief skipped">
  <span class="keyword indention">When</span>
  <span class="name">User navigates to day-to-day-banking tab</span>
  
  <span class="lead-duration duration">000ms</span>

  </div>

        


        
        

        

        
  
      </div>
          <div class="step">
        
<div class="brief skipped">
  <span class="keyword indention">Then</span>
  <span class="name">Current url should contain &quot;day-to-day-banking&quot;</span>
  
  <span class="lead-duration duration">000ms</span>

  </div>

        


        
        

        

        
  
      </div>
          <div class="step">
        
<div class="brief skipped">
  <span class="keyword indention">When</span>
  <span class="name">User navigates to lending tab</span>
  
  <span class="lead-duration duration">000ms</span>

  </div>

        


        
        

        

        
  
      </div>
          <div class="step">
        
<div class="brief skipped">
  <span class="keyword indention">Then</span>
  <span class="name">Current url should contain &quot;lending&quot;</span>
  
  <span class="lead-duration duration">000ms</span>

  </div>

        


        
        

        

        
  
      </div>
          <div class="step">
        
<div class="brief skipped">
  <span class="keyword indention">When</span>
  <span class="name">User navigates to savings tab</span>
  
  <span class="lead-duration duration">000ms</span>

  </div>

        


        
        

        

        
  
      </div>
          <div class="step">
        
<div class="brief skipped">
  <span class="keyword indention">Then</span>
  <span class="name">Current url should contain &quot;savings&quot;</span>
  
  <span class="lead-duration duration">000ms</span>

  </div>

        


        
        

        

        
  
      </div>
          <div class="step">
        
<div class="brief skipped">
  <span class="keyword indention">And</span>
  <span class="name">browser session is closed</span>
  
  <span class="lead-duration duration">000ms</span>

  </div>

        


        
        

        

        
  
      </div>
      </div>
</div>


    
  <div class="inner-level hooks-after">
        <div data-toggle="collapse" class=" collapsed  collapsable-control" data-target="#after-5">
      
<div class="brief passed">
  <span class="keyword indention">Hooks</span>
  <span class="name"></span>
  

       <i class="chevron fa fa-fw"></i>
  </div>

    </div>

    <div id="after-5" class="inner-level collapse collapsable-details ">
              <div class="hook">
          <div class="brief passed">
            <span class="keyword indention">After</span>
                          <span class="location name">StepDefs.afterscenario(Scenario)</span>
                        
  <span class="lead-duration duration">000ms</span>

          </div>

                      

          
          
  
        </div>
          </div>
  </div>

  </div>
</div>

                  </div>

      </div>
    </div>
  </div>
</div>


<div class="container-fluid">
  <div class="row">
    <div class="col-md-10 col-md-offset-10">
      <i class="fa fa-chevron-circle-down fa-2x collapsable-control"
        onClick="javascript:$('#report .collapsable-details').collapse('show')"></i>
      <i class="fa fa-chevron-circle-up fa-2x collapsable-control"
        onClick="javascript:$('#report .collapsable-details').collapse('hide')"></i>
    </div>
  </div>
</div>

<br>

<nav class="navbar navbar-default" id="footer">
  <div class="container-fluid">
    <p class="navbar-text navbar-right">
        <small>generate Cucumber HTML reports via:&nbsp;</small>
        <a class="navbar-link" href="https://github.com/jenkinsci/cucumber-reports-plugin">Jenkins Plugin</a> |
        <a class="navbar-link" href="https://github.com/damianszczepanik/cucumber-reporting">Standalone</a> |
        <a class="navbar-link" href="https://github.com/damianszczepanik/cucumber-sandwich">Sandwich</a> |
        <a class="navbar-link" href="https://github.com/damianszczepanik/maven-cucumber-reporting">Maven</a>
        &nbsp;&nbsp;
    </p>
  </div>
</nav>

</body>
</html>
